c:\users\aleksandr\source\repos\cppclr_winformsprojekt1\debug\cppclr_winformsprojekt1.pch
c:\users\aleksandr\source\repos\cppclr_winformsprojekt1\debug\vc142.pdb
c:\users\aleksandr\source\repos\cppclr_winformsprojekt1\debug\pch.obj
c:\users\aleksandr\source\repos\cppclr_winformsprojekt1\debug\form1.obj
c:\users\aleksandr\source\repos\cppclr_winformsprojekt1\debug\cppclr_winformsprojekt.obj
c:\users\aleksandr\source\repos\cppclr_winformsprojekt1\debug\assemblyinfo.obj
c:\users\aleksandr\source\repos\cppclr_winformsprojekt1\debug\.netframework,version=v4.7.2.assemblyattributes.obj
c:\users\aleksandr\source\repos\cppclr_winformsprojekt1\debug\cppclr_winformsprojekt1.form1.resources
c:\users\aleksandr\source\repos\cppclr_winformsprojekt1\debug\cppclr_winformsprojekt1.exe
c:\users\aleksandr\source\repos\cppclr_winformsprojekt1\debug\cppclr_winformsprojekt1.pdb
c:\users\aleksandr\source\repos\cppclr_winformsprojekt1\debug\app.res
c:\users\aleksandr\source\repos\cppclr_winformsprojekt1\debug\myform.obj
c:\users\aleksandr\source\repos\cppclr_winformsprojekt1\debug\cppclr_winformsprojekt1.exe.metagen
c:\users\aleksandr\source\repos\cppclr_winformsprojekt1\debug\cppclr_w.d1ef6dba.tlog\cl.command.1.tlog
c:\users\aleksandr\source\repos\cppclr_winformsprojekt1\debug\cppclr_w.d1ef6dba.tlog\cl.read.1.tlog
c:\users\aleksandr\source\repos\cppclr_winformsprojekt1\debug\cppclr_w.d1ef6dba.tlog\cl.write.1.tlog
c:\users\aleksandr\source\repos\cppclr_winformsprojekt1\debug\cppclr_w.d1ef6dba.tlog\cppclr_winformsprojekt1.write.1u.tlog
c:\users\aleksandr\source\repos\cppclr_winformsprojekt1\debug\cppclr_w.d1ef6dba.tlog\link.command.1.tlog
c:\users\aleksandr\source\repos\cppclr_winformsprojekt1\debug\cppclr_w.d1ef6dba.tlog\link.read.1.tlog
c:\users\aleksandr\source\repos\cppclr_winformsprojekt1\debug\cppclr_w.d1ef6dba.tlog\link.write.1.tlog
c:\users\aleksandr\source\repos\cppclr_winformsprojekt1\debug\cppclr_w.d1ef6dba.tlog\metagen.read.1.tlog
c:\users\aleksandr\source\repos\cppclr_winformsprojekt1\debug\cppclr_w.d1ef6dba.tlog\metagen.write.1.tlog
c:\users\aleksandr\source\repos\cppclr_winformsprojekt1\debug\cppclr_w.d1ef6dba.tlog\rc.command.1.tlog
c:\users\aleksandr\source\repos\cppclr_winformsprojekt1\debug\cppclr_w.d1ef6dba.tlog\rc.read.1.tlog
c:\users\aleksandr\source\repos\cppclr_winformsprojekt1\debug\cppclr_w.d1ef6dba.tlog\rc.write.1.tlog
